<?xml version="1.0" encoding="utf-8" standalone="no"?>
<!--This file represents the results of running a test suite-->
<test-results name="E:\webdriveralltest\sharepoint\AllTest\bin\Release\AllTest.dll" total="1" errors="1" failures="0" not-run="0" inconclusive="0" ignored="0" skipped="0" invalid="0" date="2012-04-18" time="16:42:52">
  <environment nunit-version="2.5.9.10348" clr-version="2.0.50727.3625" os-version="Microsoft Windows NT 5.2.3790 Service Pack 2" platform="Win32NT" cwd="E:\webdriveralltest\sharepoint\AllTest\bin\Release" machine-name="FRAMEWORK-WIN2" user="Photon" user-domain="FRAMEWORK-WIN2" />
  <culture-info current-culture="en-US" current-uiculture="en-US" />
  <test-suite type="Assembly" name="E:\webdriveralltest\sharepoint\AllTest\bin\Release\AllTest.dll" executed="True" result="Failure" success="False" time="22.391" asserts="0">
    <results>
      <test-suite type="Namespace" name="ChartList_Create_Delete" executed="True" result="Failure" success="False" time="22.375" asserts="0">
        <results>
          <test-suite type="TestFixture" name="Chart_Create_Delete" executed="True" result="Failure" success="False" time="22.141" asserts="0">
            <results>
              <test-case name="ChartList_Create_Delete.Chart_Create_Delete.ChartListPrepTest" executed="True" result="Error" success="False" time="22.109" asserts="1">
                <failure>
                  <message><![CDATA[OpenQA.Selenium.NoSuchElementException : Unable to find element with xpath == //tr[@id='zz2_QuickLaunchMenun0']/td/table/tbody/tr/td/a]]></message>
                  <stack-trace><![CDATA[at ChartList_Create_Delete.Chart_Create_Delete.ChartListPrepTest() in E:\webdriveralltest\sharepoint\AllTest\Sharepoint_ChartList.cs:line 101
]]></stack-trace>
                </failure>
              </test-case>
            </results>
          </test-suite>
        </results>
      </test-suite>
    </results>
  </test-suite>
</test-results>